[11:48:01 INF] Starting Acme.BookStore.HttpApi.Host.
[11:48:04 INF] Loaded ABP modules:
[11:48:04 INF] - Acme.BookStore.BookStoreHttpApiHostModule
[11:48:04 INF]   - Acme.BookStore.BookStoreHttpApiModule
[11:48:04 INF]     - Acme.BookStore.BookStoreApplicationContractsModule
[11:48:04 INF]       - Acme.BookStore.BookStoreDomainSharedModule
[11:48:04 INF]         - Volo.Abp.AuditLogging.AbpAuditLoggingDomainSharedModule
[11:48:04 INF]           - Volo.Abp.Validation.AbpValidationModule
[11:48:04 INF]             - Volo.Abp.Validation.AbpValidationAbstractionsModule
[11:48:04 INF]             - Volo.Abp.Localization.AbpLocalizationModule
[11:48:04 INF]               - Volo.Abp.VirtualFileSystem.AbpVirtualFileSystemModule
[11:48:04 INF]               - Volo.Abp.Settings.AbpSettingsModule
[11:48:04 INF]                 - Volo.Abp.Localization.AbpLocalizationAbstractionsModule
[11:48:04 INF]                 - Volo.Abp.Security.AbpSecurityModule
[11:48:04 INF]                 - Volo.Abp.Data.AbpDataModule
[11:48:04 INF]                   - Volo.Abp.ObjectExtending.AbpObjectExtendingModule
[11:48:04 INF]                   - Volo.Abp.Uow.AbpUnitOfWorkModule
[11:48:04 INF]                   - Volo.Abp.EventBus.Abstractions.AbpEventBusAbstractionsModule
[11:48:04 INF]               - Volo.Abp.Threading.AbpThreadingModule
[11:48:04 INF]         - Volo.Abp.BackgroundJobs.AbpBackgroundJobsDomainSharedModule
[11:48:04 INF]         - Volo.Abp.FeatureManagement.AbpFeatureManagementDomainSharedModule
[11:48:04 INF]           - Volo.Abp.Json.SystemTextJson.AbpJsonSystemTextJsonModule
[11:48:04 INF]             - Volo.Abp.Json.AbpJsonAbstractionsModule
[11:48:04 INF]             - Volo.Abp.Timing.AbpTimingModule
[11:48:04 INF]         - Volo.Abp.Identity.AbpIdentityDomainSharedModule
[11:48:04 INF]           - Volo.Abp.Users.AbpUsersDomainSharedModule
[11:48:04 INF]           - Volo.Abp.Features.AbpFeaturesModule
[11:48:04 INF]             - Volo.Abp.MultiTenancy.AbpMultiTenancyModule
[11:48:04 INF]               - Volo.Abp.MultiTenancy.AbpMultiTenancyAbstractionsModule
[11:48:04 INF]             - Volo.Abp.Authorization.AbpAuthorizationAbstractionsModule
[11:48:04 INF]         - Volo.Abp.OpenIddict.AbpOpenIddictDomainSharedModule
[11:48:04 INF]         - Volo.Abp.PermissionManagement.AbpPermissionManagementDomainSharedModule
[11:48:04 INF]         - Volo.Abp.SettingManagement.AbpSettingManagementDomainSharedModule
[11:48:04 INF]         - Volo.Abp.TenantManagement.AbpTenantManagementDomainSharedModule
[11:48:04 INF]         - HRS.OrganChart.OrganChartDomainSharedModule
[11:48:04 INF]           - Volo.Abp.Domain.AbpDddDomainSharedModule
[11:48:04 INF]         - HRS.Employee.EmployeeDomainSharedModule
[11:48:04 INF]       - Volo.Abp.Account.AbpAccountApplicationContractsModule
[11:48:04 INF]         - Volo.Abp.Identity.AbpIdentityApplicationContractsModule
[11:48:04 INF]           - Volo.Abp.Users.AbpUsersAbstractionModule
[11:48:04 INF]             - Volo.Abp.EventBus.AbpEventBusModule
[11:48:04 INF]               - Volo.Abp.Json.AbpJsonModule
[11:48:04 INF]               - Volo.Abp.Guids.AbpGuidsModule
[11:48:04 INF]               - Volo.Abp.BackgroundWorkers.AbpBackgroundWorkersModule
[11:48:04 INF]               - Volo.Abp.DistributedLocking.AbpDistributedLockingAbstractionsModule
[11:48:04 INF]           - Volo.Abp.Authorization.AbpAuthorizationModule
[11:48:04 INF]           - Volo.Abp.PermissionManagement.AbpPermissionManagementApplicationContractsModule
[11:48:04 INF]             - Volo.Abp.Application.AbpDddApplicationContractsModule
[11:48:04 INF]               - Volo.Abp.Auditing.AbpAuditingContractsModule
[11:48:04 INF]       - Volo.Abp.FeatureManagement.AbpFeatureManagementApplicationContractsModule
[11:48:04 INF]       - Volo.Abp.SettingManagement.AbpSettingManagementApplicationContractsModule
[11:48:04 INF]       - Volo.Abp.TenantManagement.AbpTenantManagementApplicationContractsModule
[11:48:04 INF]       - HRS.OrganChart.OrganChartApplicationContractsModule
[11:48:04 INF]       - HRS.Employee.EmployeeApplicationContractsModule
[11:48:04 INF]     - Volo.Abp.Account.AbpAccountHttpApiModule
[11:48:04 INF]       - Volo.Abp.Identity.AbpIdentityHttpApiModule
[11:48:04 INF]         - Volo.Abp.AspNetCore.Mvc.AbpAspNetCoreMvcModule
[11:48:04 INF]           - Volo.Abp.AspNetCore.AbpAspNetCoreModule
[11:48:04 INF]             - Volo.Abp.Auditing.AbpAuditingModule
[11:48:04 INF]             - Volo.Abp.Http.AbpHttpModule
[11:48:04 INF]               - Volo.Abp.Http.AbpHttpAbstractionsModule
[11:48:04 INF]               - Volo.Abp.Minify.AbpMinifyModule
[11:48:04 INF]             - Volo.Abp.ExceptionHandling.AbpExceptionHandlingModule
[11:48:04 INF]           - Volo.Abp.ApiVersioning.AbpApiVersioningAbstractionsModule
[11:48:04 INF]           - Volo.Abp.AspNetCore.Mvc.AbpAspNetCoreMvcContractsModule
[11:48:04 INF]           - Volo.Abp.UI.Navigation.AbpUiNavigationModule
[11:48:04 INF]             - Volo.Abp.UI.AbpUiModule
[11:48:04 INF]           - Volo.Abp.GlobalFeatures.AbpGlobalFeaturesModule
[11:48:04 INF]           - Volo.Abp.Application.AbpDddApplicationModule
[11:48:04 INF]             - Volo.Abp.Domain.AbpDddDomainModule
[11:48:04 INF]               - Volo.Abp.ObjectMapping.AbpObjectMappingModule
[11:48:04 INF]               - Volo.Abp.Specifications.AbpSpecificationsModule
[11:48:04 INF]               - Volo.Abp.Caching.AbpCachingModule
[11:48:04 INF]                 - Volo.Abp.Serialization.AbpSerializationModule
[11:48:04 INF]     - Volo.Abp.PermissionManagement.HttpApi.AbpPermissionManagementHttpApiModule
[11:48:04 INF]     - Volo.Abp.TenantManagement.AbpTenantManagementHttpApiModule
[11:48:04 INF]       - Volo.Abp.FeatureManagement.AbpFeatureManagementHttpApiModule
[11:48:04 INF]     - Volo.Abp.SettingManagement.AbpSettingManagementHttpApiModule
[11:48:04 INF]     - HRS.OrganChart.OrganChartHttpApiModule
[11:48:04 INF]     - HRS.Employee.EmployeeHttpApiModule
[11:48:04 INF]   - Volo.Abp.Autofac.AbpAutofacModule
[11:48:04 INF]     - Volo.Abp.Castle.AbpCastleCoreModule
[11:48:04 INF]   - Volo.Abp.AspNetCore.MultiTenancy.AbpAspNetCoreMultiTenancyModule
[11:48:04 INF]   - Acme.BookStore.BookStoreApplicationModule
[11:48:04 INF]     - Acme.BookStore.BookStoreDomainModule
[11:48:04 INF]       - Volo.Abp.AuditLogging.AbpAuditLoggingDomainModule
[11:48:04 INF]       - Volo.Abp.BackgroundJobs.AbpBackgroundJobsDomainModule
[11:48:04 INF]         - Volo.Abp.BackgroundJobs.AbpBackgroundJobsModule
[11:48:04 INF]           - Volo.Abp.BackgroundJobs.AbpBackgroundJobsAbstractionsModule
[11:48:04 INF]         - Volo.Abp.AutoMapper.AbpAutoMapperModule
[11:48:04 INF]       - Volo.Abp.FeatureManagement.AbpFeatureManagementDomainModule
[11:48:04 INF]       - Volo.Abp.Identity.AbpIdentityDomainModule
[11:48:04 INF]         - Volo.Abp.Users.AbpUsersDomainModule
[11:48:04 INF]       - Volo.Abp.OpenIddict.AbpOpenIddictDomainModule
[11:48:04 INF]       - Volo.Abp.PermissionManagement.OpenIddict.AbpPermissionManagementDomainOpenIddictModule
[11:48:04 INF]         - Volo.Abp.PermissionManagement.AbpPermissionManagementDomainModule
[11:48:04 INF]       - Volo.Abp.PermissionManagement.Identity.AbpPermissionManagementDomainIdentityModule
[11:48:04 INF]       - Volo.Abp.SettingManagement.AbpSettingManagementDomainModule
[11:48:04 INF]       - Volo.Abp.TenantManagement.AbpTenantManagementDomainModule
[11:48:04 INF]       - Volo.Abp.Emailing.AbpEmailingModule
[11:48:04 INF]         - Volo.Abp.TextTemplating.AbpTextTemplatingModule
[11:48:04 INF]           - Volo.Abp.TextTemplating.Scriban.AbpTextTemplatingScribanModule
[11:48:04 INF]             - Volo.Abp.TextTemplating.AbpTextTemplatingCoreModule
[11:48:04 INF]       - HRS.OrganChart.OrganChartDomainModule
[11:48:04 INF]       - HRS.Employee.EmployeeDomainModule
[11:48:04 INF]     - Volo.Abp.Account.AbpAccountApplicationModule
[11:48:04 INF]       - Volo.Abp.Identity.AbpIdentityApplicationModule
[11:48:04 INF]         - Volo.Abp.PermissionManagement.AbpPermissionManagementApplicationModule
[11:48:04 INF]     - Volo.Abp.TenantManagement.AbpTenantManagementApplicationModule
[11:48:04 INF]     - Volo.Abp.FeatureManagement.AbpFeatureManagementApplicationModule
[11:48:04 INF]     - Volo.Abp.SettingManagement.AbpSettingManagementApplicationModule
[11:48:04 INF]     - HRS.OrganChart.OrganChartApplicationModule
[11:48:04 INF]     - HRS.Employee.EmployeeApplicationModule
[11:48:04 INF]   - Acme.BookStore.EntityFrameworkCore.BookStoreEntityFrameworkCoreModule
[11:48:04 INF]     - Volo.Abp.Identity.EntityFrameworkCore.AbpIdentityEntityFrameworkCoreModule
[11:48:04 INF]       - Volo.Abp.Users.EntityFrameworkCore.AbpUsersEntityFrameworkCoreModule
[11:48:04 INF]         - Volo.Abp.EntityFrameworkCore.AbpEntityFrameworkCoreModule
[11:48:04 INF]     - Volo.Abp.OpenIddict.EntityFrameworkCore.AbpOpenIddictEntityFrameworkCoreModule
[11:48:04 INF]     - Volo.Abp.PermissionManagement.EntityFrameworkCore.AbpPermissionManagementEntityFrameworkCoreModule
[11:48:04 INF]     - Volo.Abp.SettingManagement.EntityFrameworkCore.AbpSettingManagementEntityFrameworkCoreModule
[11:48:04 INF]     - Volo.Abp.EntityFrameworkCore.SqlServer.AbpEntityFrameworkCoreSqlServerModule
[11:48:04 INF]     - Volo.Abp.BackgroundJobs.EntityFrameworkCore.AbpBackgroundJobsEntityFrameworkCoreModule
[11:48:04 INF]     - Volo.Abp.AuditLogging.EntityFrameworkCore.AbpAuditLoggingEntityFrameworkCoreModule
[11:48:04 INF]     - Volo.Abp.TenantManagement.EntityFrameworkCore.AbpTenantManagementEntityFrameworkCoreModule
[11:48:04 INF]     - Volo.Abp.FeatureManagement.EntityFrameworkCore.AbpFeatureManagementEntityFrameworkCoreModule
[11:48:04 INF]     - HRS.OrganChart.EntityFrameworkCore.OrganChartEntityFrameworkCoreModule
[11:48:04 INF]     - HRS.Employee.EntityFrameworkCore.EmployeeEntityFrameworkCoreModule
[11:48:04 INF]   - Volo.Abp.AspNetCore.Mvc.UI.Theme.LeptonXLite.AbpAspNetCoreMvcUiLeptonXLiteThemeModule
[11:48:04 INF]     - Volo.Abp.AspNetCore.Mvc.UI.Theme.Shared.AbpAspNetCoreMvcUiThemeSharedModule
[11:48:04 INF]       - Volo.Abp.AspNetCore.Mvc.UI.Bootstrap.AbpAspNetCoreMvcUiBootstrapModule
[11:48:04 INF]         - Volo.Abp.AspNetCore.Mvc.UI.AbpAspNetCoreMvcUiModule
[11:48:04 INF]       - Volo.Abp.AspNetCore.Mvc.UI.Packages.AbpAspNetCoreMvcUiPackagesModule
[11:48:04 INF]         - Volo.Abp.AspNetCore.Mvc.UI.Bundling.AbpAspNetCoreMvcUiBundlingAbstractionsModule
[11:48:04 INF]       - Volo.Abp.AspNetCore.Mvc.UI.Widgets.AbpAspNetCoreMvcUiWidgetsModule
[11:48:04 INF]         - Volo.Abp.AspNetCore.Mvc.UI.Bundling.AbpAspNetCoreMvcUiBundlingModule
[11:48:04 INF]     - Volo.Abp.AspNetCore.Mvc.UI.MultiTenancy.AbpAspNetCoreMvcUiMultiTenancyModule
[11:48:04 INF]   - Volo.Abp.Account.Web.AbpAccountWebOpenIddictModule
[11:48:04 INF]     - Volo.Abp.Account.Web.AbpAccountWebModule
[11:48:04 INF]       - Volo.Abp.Identity.AspNetCore.AbpIdentityAspNetCoreModule
[11:48:04 INF]     - Volo.Abp.OpenIddict.AbpOpenIddictAspNetCoreModule
[11:48:04 INF]   - Volo.Abp.AspNetCore.Serilog.AbpAspNetCoreSerilogModule
[11:48:04 INF]   - Volo.Abp.Swashbuckle.AbpSwashbuckleModule
[11:48:04 DBG] Started background worker: Volo.Abp.BackgroundJobs.BackgroundJobWorker
[11:48:04 DBG] Started background worker: Volo.Abp.OpenIddict.Tokens.TokenCleanupBackgroundWorker
[11:48:05 INF] User profile is available. Using 'C:\Users\heydari-mh\AppData\Local\ASP.NET\DataProtection-Keys' as key repository and Windows DPAPI to encrypt keys at rest.
[11:48:05 INF] Initialized all ABP modules.
[11:48:05 INF] Application started. Press Ctrl+C to shut down.
[11:48:05 INF] Hosting environment: Development
[11:48:05 INF] Content root path: E:\Project\Test ABP\TEST\Acme.BookStore\aspnet-core\src\Acme.BookStore.HttpApi.Host
[11:48:05 INF] Request starting HTTP/2 GET https://localhost:44394/ - null null
[11:48:06 DBG] The event OpenIddict.Validation.OpenIddictValidationEvents+ProcessRequestContext was successfully processed by OpenIddict.Validation.AspNetCore.OpenIddictValidationAspNetCoreHandlers+ResolveRequestUri.
[11:48:06 DBG] The event OpenIddict.Server.OpenIddictServerEvents+ProcessRequestContext was successfully processed by OpenIddict.Server.AspNetCore.OpenIddictServerAspNetCoreHandlers+ResolveRequestUri.
[11:48:06 DBG] The event OpenIddict.Server.OpenIddictServerEvents+ProcessRequestContext was successfully processed by OpenIddict.Server.OpenIddictServerHandlers+InferEndpointType.
[11:48:06 DBG] The event OpenIddict.Server.OpenIddictServerEvents+ProcessRequestContext was successfully processed by OpenIddict.Server.AspNetCore.OpenIddictServerAspNetCoreHandlers+ValidateTransportSecurityRequirement.
[11:48:06 DBG] The event OpenIddict.Server.OpenIddictServerEvents+ProcessRequestContext was successfully processed by OpenIddict.Server.AspNetCore.OpenIddictServerAspNetCoreHandlers+ValidateHostHeader.
[11:48:06 DBG] The event OpenIddict.Validation.OpenIddictValidationEvents+ProcessAuthenticationContext was successfully processed by OpenIddict.Validation.AspNetCore.OpenIddictValidationAspNetCoreHandlers+ValidateHostHeader.
[11:48:06 DBG] The event OpenIddict.Validation.OpenIddictValidationEvents+ProcessAuthenticationContext was successfully processed by OpenIddict.Validation.OpenIddictValidationHandlers+EvaluateValidatedTokens.
[11:48:06 DBG] The event OpenIddict.Validation.OpenIddictValidationEvents+ProcessAuthenticationContext was successfully processed by OpenIddict.Validation.AspNetCore.OpenIddictValidationAspNetCoreHandlers+ExtractAccessTokenFromAuthorizationHeader.
[11:48:06 DBG] The event OpenIddict.Validation.OpenIddictValidationEvents+ProcessAuthenticationContext was successfully processed by OpenIddict.Validation.AspNetCore.OpenIddictValidationAspNetCoreHandlers+ExtractAccessTokenFromBodyForm.
[11:48:06 DBG] The event OpenIddict.Validation.OpenIddictValidationEvents+ProcessAuthenticationContext was successfully processed by OpenIddict.Validation.AspNetCore.OpenIddictValidationAspNetCoreHandlers+ExtractAccessTokenFromQueryString.
[11:48:06 DBG] The event OpenIddict.Validation.OpenIddictValidationEvents+ProcessAuthenticationContext was successfully processed by OpenIddict.Validation.OpenIddictValidationHandlers+ValidateRequiredTokens.
[11:48:06 DBG] The event OpenIddict.Validation.OpenIddictValidationEvents+ProcessAuthenticationContext was marked as rejected by OpenIddict.Validation.OpenIddictValidationHandlers+ValidateRequiredTokens.
[11:48:06 DBG] AuthenticationScheme: OpenIddict.Validation.AspNetCore was not authenticated.
[11:48:06 INF] Executing endpoint 'Acme.BookStore.Controllers.HomeController.Index (Acme.BookStore.HttpApi.Host)'
[11:48:06 INF] Route matched with {action = "Index", controller = "Home", area = "", page = ""}. Executing controller action with signature Microsoft.AspNetCore.Mvc.ActionResult Index() on controller Acme.BookStore.Controllers.HomeController (Acme.BookStore.HttpApi.Host).
[11:48:07 INF] Executing action method Acme.BookStore.Controllers.HomeController.Index (Acme.BookStore.HttpApi.Host) - Validation state: Valid
[11:48:07 INF] Executed action method Acme.BookStore.Controllers.HomeController.Index (Acme.BookStore.HttpApi.Host), returned result Microsoft.AspNetCore.Mvc.RedirectResult in 0.381ms.
[11:48:07 INF] Executing RedirectResult, redirecting to /swagger.
[11:48:07 INF] Executed action Acme.BookStore.Controllers.HomeController.Index (Acme.BookStore.HttpApi.Host) in 92.6884ms
[11:48:07 INF] Executed endpoint 'Acme.BookStore.Controllers.HomeController.Index (Acme.BookStore.HttpApi.Host)'
[11:48:07 INF] Request starting HTTP/2 GET https://localhost:44394/swagger/index.html - null null
[11:48:07 INF] Request finished HTTP/2 GET https://localhost:44394/ - 302 null null 1532.5482ms
[11:48:07 DBG] The event OpenIddict.Validation.OpenIddictValidationEvents+ProcessRequestContext was successfully processed by OpenIddict.Validation.AspNetCore.OpenIddictValidationAspNetCoreHandlers+ResolveRequestUri.
[11:48:07 DBG] The event OpenIddict.Server.OpenIddictServerEvents+ProcessRequestContext was successfully processed by OpenIddict.Server.AspNetCore.OpenIddictServerAspNetCoreHandlers+ResolveRequestUri.
[11:48:07 DBG] The event OpenIddict.Server.OpenIddictServerEvents+ProcessRequestContext was successfully processed by OpenIddict.Server.OpenIddictServerHandlers+InferEndpointType.
[11:48:07 DBG] The event OpenIddict.Server.OpenIddictServerEvents+ProcessRequestContext was successfully processed by OpenIddict.Server.AspNetCore.OpenIddictServerAspNetCoreHandlers+ValidateTransportSecurityRequirement.
[11:48:07 DBG] The event OpenIddict.Server.OpenIddictServerEvents+ProcessRequestContext was successfully processed by OpenIddict.Server.AspNetCore.OpenIddictServerAspNetCoreHandlers+ValidateHostHeader.
[11:48:07 DBG] The event OpenIddict.Validation.OpenIddictValidationEvents+ProcessAuthenticationContext was successfully processed by OpenIddict.Validation.AspNetCore.OpenIddictValidationAspNetCoreHandlers+ValidateHostHeader.
[11:48:07 DBG] The event OpenIddict.Validation.OpenIddictValidationEvents+ProcessAuthenticationContext was successfully processed by OpenIddict.Validation.OpenIddictValidationHandlers+EvaluateValidatedTokens.
[11:48:07 DBG] The event OpenIddict.Validation.OpenIddictValidationEvents+ProcessAuthenticationContext was successfully processed by OpenIddict.Validation.AspNetCore.OpenIddictValidationAspNetCoreHandlers+ExtractAccessTokenFromAuthorizationHeader.
[11:48:07 DBG] The event OpenIddict.Validation.OpenIddictValidationEvents+ProcessAuthenticationContext was successfully processed by OpenIddict.Validation.AspNetCore.OpenIddictValidationAspNetCoreHandlers+ExtractAccessTokenFromBodyForm.
[11:48:07 DBG] The event OpenIddict.Validation.OpenIddictValidationEvents+ProcessAuthenticationContext was successfully processed by OpenIddict.Validation.AspNetCore.OpenIddictValidationAspNetCoreHandlers+ExtractAccessTokenFromQueryString.
[11:48:07 DBG] The event OpenIddict.Validation.OpenIddictValidationEvents+ProcessAuthenticationContext was successfully processed by OpenIddict.Validation.OpenIddictValidationHandlers+ValidateRequiredTokens.
[11:48:07 DBG] The event OpenIddict.Validation.OpenIddictValidationEvents+ProcessAuthenticationContext was marked as rejected by OpenIddict.Validation.OpenIddictValidationHandlers+ValidateRequiredTokens.
[11:48:07 DBG] AuthenticationScheme: OpenIddict.Validation.AspNetCore was not authenticated.
[11:48:07 INF] Request finished HTTP/2 GET https://localhost:44394/swagger/index.html - 200 null text/html;charset=utf-8 64.023ms
[11:48:07 INF] Request starting HTTP/2 GET https://localhost:44394/swagger/ui/abp.js - null null
[11:48:07 INF] Request starting HTTP/2 GET https://localhost:44394/swagger/ui/abp.swagger.js - null null
[11:48:07 INF] Request starting HTTP/2 GET https://localhost:44394/_framework/aspnetcore-browser-refresh.js - null null
[11:48:07 INF] Request finished HTTP/2 GET https://localhost:44394/_framework/aspnetcore-browser-refresh.js - 200 13790 application/javascript; charset=utf-8 3.7134ms
[11:48:07 INF] The file /swagger/ui/abp.js was not modified
[11:48:07 INF] The file /swagger/ui/abp.swagger.js was not modified
[11:48:07 INF] Request finished HTTP/2 GET https://localhost:44394/swagger/ui/abp.swagger.js - 304 null application/javascript 7.3662ms
[11:48:07 INF] Request finished HTTP/2 GET https://localhost:44394/swagger/ui/abp.js - 304 null application/javascript 7.3738ms
[11:48:07 INF] Request starting HTTP/2 GET https://localhost:44394/_vs/browserLink - null null
[11:48:07 INF] Request finished HTTP/2 GET https://localhost:44394/_vs/browserLink - 200 null text/javascript; charset=UTF-8 33.6396ms
[11:48:07 INF] Request starting HTTP/2 GET https://localhost:44394/api/abp/application-configuration - null null
[11:48:07 DBG] The event OpenIddict.Validation.OpenIddictValidationEvents+ProcessRequestContext was successfully processed by OpenIddict.Validation.AspNetCore.OpenIddictValidationAspNetCoreHandlers+ResolveRequestUri.
[11:48:07 DBG] The event OpenIddict.Server.OpenIddictServerEvents+ProcessRequestContext was successfully processed by OpenIddict.Server.AspNetCore.OpenIddictServerAspNetCoreHandlers+ResolveRequestUri.
[11:48:07 DBG] The event OpenIddict.Server.OpenIddictServerEvents+ProcessRequestContext was successfully processed by OpenIddict.Server.OpenIddictServerHandlers+InferEndpointType.
[11:48:07 DBG] The event OpenIddict.Server.OpenIddictServerEvents+ProcessRequestContext was successfully processed by OpenIddict.Server.AspNetCore.OpenIddictServerAspNetCoreHandlers+ValidateTransportSecurityRequirement.
[11:48:07 DBG] The event OpenIddict.Server.OpenIddictServerEvents+ProcessRequestContext was successfully processed by OpenIddict.Server.AspNetCore.OpenIddictServerAspNetCoreHandlers+ValidateHostHeader.
[11:48:07 DBG] The event OpenIddict.Validation.OpenIddictValidationEvents+ProcessAuthenticationContext was successfully processed by OpenIddict.Validation.AspNetCore.OpenIddictValidationAspNetCoreHandlers+ValidateHostHeader.
[11:48:07 DBG] The event OpenIddict.Validation.OpenIddictValidationEvents+ProcessAuthenticationContext was successfully processed by OpenIddict.Validation.OpenIddictValidationHandlers+EvaluateValidatedTokens.
[11:48:07 DBG] The event OpenIddict.Validation.OpenIddictValidationEvents+ProcessAuthenticationContext was successfully processed by OpenIddict.Validation.AspNetCore.OpenIddictValidationAspNetCoreHandlers+ExtractAccessTokenFromAuthorizationHeader.
[11:48:07 DBG] The event OpenIddict.Validation.OpenIddictValidationEvents+ProcessAuthenticationContext was successfully processed by OpenIddict.Validation.AspNetCore.OpenIddictValidationAspNetCoreHandlers+ExtractAccessTokenFromBodyForm.
[11:48:07 DBG] The event OpenIddict.Validation.OpenIddictValidationEvents+ProcessAuthenticationContext was successfully processed by OpenIddict.Validation.AspNetCore.OpenIddictValidationAspNetCoreHandlers+ExtractAccessTokenFromQueryString.
[11:48:07 DBG] The event OpenIddict.Validation.OpenIddictValidationEvents+ProcessAuthenticationContext was successfully processed by OpenIddict.Validation.OpenIddictValidationHandlers+ValidateRequiredTokens.
[11:48:07 DBG] The event OpenIddict.Validation.OpenIddictValidationEvents+ProcessAuthenticationContext was marked as rejected by OpenIddict.Validation.OpenIddictValidationHandlers+ValidateRequiredTokens.
[11:48:07 DBG] AuthenticationScheme: OpenIddict.Validation.AspNetCore was not authenticated.
[11:48:07 INF] Executing endpoint 'Volo.Abp.AspNetCore.Mvc.ApplicationConfigurations.AbpApplicationConfigurationController.GetAsync (Volo.Abp.AspNetCore.Mvc)'
[11:48:07 INF] Route matched with {area = "abp", action = "Get", controller = "AbpApplicationConfiguration", page = ""}. Executing controller action with signature System.Threading.Tasks.Task`1[Volo.Abp.AspNetCore.Mvc.ApplicationConfigurations.ApplicationConfigurationDto] GetAsync(Volo.Abp.AspNetCore.Mvc.ApplicationConfigurations.ApplicationConfigurationRequestOptions) on controller Volo.Abp.AspNetCore.Mvc.ApplicationConfigurations.AbpApplicationConfigurationController (Volo.Abp.AspNetCore.Mvc).
[11:48:07 INF] Request starting HTTP/2 GET https://localhost:44394/swagger/v1/swagger.json - null null
[11:48:07 DBG] The event OpenIddict.Validation.OpenIddictValidationEvents+ProcessRequestContext was successfully processed by OpenIddict.Validation.AspNetCore.OpenIddictValidationAspNetCoreHandlers+ResolveRequestUri.
[11:48:07 DBG] The event OpenIddict.Server.OpenIddictServerEvents+ProcessRequestContext was successfully processed by OpenIddict.Server.AspNetCore.OpenIddictServerAspNetCoreHandlers+ResolveRequestUri.
[11:48:07 DBG] The event OpenIddict.Server.OpenIddictServerEvents+ProcessRequestContext was successfully processed by OpenIddict.Server.OpenIddictServerHandlers+InferEndpointType.
[11:48:07 DBG] The event OpenIddict.Server.OpenIddictServerEvents+ProcessRequestContext was successfully processed by OpenIddict.Server.AspNetCore.OpenIddictServerAspNetCoreHandlers+ValidateTransportSecurityRequirement.
[11:48:07 DBG] The event OpenIddict.Server.OpenIddictServerEvents+ProcessRequestContext was successfully processed by OpenIddict.Server.AspNetCore.OpenIddictServerAspNetCoreHandlers+ValidateHostHeader.
[11:48:07 DBG] The event OpenIddict.Validation.OpenIddictValidationEvents+ProcessAuthenticationContext was successfully processed by OpenIddict.Validation.AspNetCore.OpenIddictValidationAspNetCoreHandlers+ValidateHostHeader.
[11:48:07 DBG] The event OpenIddict.Validation.OpenIddictValidationEvents+ProcessAuthenticationContext was successfully processed by OpenIddict.Validation.OpenIddictValidationHandlers+EvaluateValidatedTokens.
[11:48:07 DBG] The event OpenIddict.Validation.OpenIddictValidationEvents+ProcessAuthenticationContext was successfully processed by OpenIddict.Validation.AspNetCore.OpenIddictValidationAspNetCoreHandlers+ExtractAccessTokenFromAuthorizationHeader.
[11:48:07 DBG] The event OpenIddict.Validation.OpenIddictValidationEvents+ProcessAuthenticationContext was successfully processed by OpenIddict.Validation.AspNetCore.OpenIddictValidationAspNetCoreHandlers+ExtractAccessTokenFromBodyForm.
[11:48:07 DBG] The event OpenIddict.Validation.OpenIddictValidationEvents+ProcessAuthenticationContext was successfully processed by OpenIddict.Validation.AspNetCore.OpenIddictValidationAspNetCoreHandlers+ExtractAccessTokenFromQueryString.
[11:48:07 DBG] The event OpenIddict.Validation.OpenIddictValidationEvents+ProcessAuthenticationContext was successfully processed by OpenIddict.Validation.OpenIddictValidationHandlers+ValidateRequiredTokens.
[11:48:07 DBG] The event OpenIddict.Validation.OpenIddictValidationEvents+ProcessAuthenticationContext was marked as rejected by OpenIddict.Validation.OpenIddictValidationHandlers+ValidateRequiredTokens.
[11:48:07 DBG] AuthenticationScheme: OpenIddict.Validation.AspNetCore was not authenticated.
[11:48:07 INF] Executing action method Volo.Abp.AspNetCore.Mvc.ApplicationConfigurations.AbpApplicationConfigurationController.GetAsync (Volo.Abp.AspNetCore.Mvc) - Validation state: Valid
[11:48:07 DBG] Executing AbpApplicationConfigurationAppService.GetAsync()...
[11:48:07 INF] Request finished HTTP/2 GET https://localhost:44394/swagger/v1/swagger.json - 200 null application/json;charset=utf-8 357.3286ms
[11:48:07 DBG] Executed AbpApplicationConfigurationAppService.GetAsync().
[11:48:07 INF] Executed action method Volo.Abp.AspNetCore.Mvc.ApplicationConfigurations.AbpApplicationConfigurationController.GetAsync (Volo.Abp.AspNetCore.Mvc), returned result Microsoft.AspNetCore.Mvc.ObjectResult in 382.2178ms.
[11:48:07 DBG] Added 0 entity changes to the current audit log
[11:48:07 INF] Executing ObjectResult, writing value of type 'Volo.Abp.AspNetCore.Mvc.ApplicationConfigurations.ApplicationConfigurationDto'.
[11:48:07 INF] Executed action Volo.Abp.AspNetCore.Mvc.ApplicationConfigurations.AbpApplicationConfigurationController.GetAsync (Volo.Abp.AspNetCore.Mvc) in 526.1989ms
[11:48:07 INF] Executed endpoint 'Volo.Abp.AspNetCore.Mvc.ApplicationConfigurations.AbpApplicationConfigurationController.GetAsync (Volo.Abp.AspNetCore.Mvc)'
[11:48:07 INF] Request finished HTTP/2 GET https://localhost:44394/api/abp/application-configuration - 200 null application/json; charset=utf-8 547.3516ms
[11:48:11 INF] Request starting HTTP/2 GET https://localhost:44394/abp/Swashbuckle/SetCsrfCookie - null null
[11:48:11 DBG] The event OpenIddict.Validation.OpenIddictValidationEvents+ProcessRequestContext was successfully processed by OpenIddict.Validation.AspNetCore.OpenIddictValidationAspNetCoreHandlers+ResolveRequestUri.
[11:48:11 DBG] The event OpenIddict.Server.OpenIddictServerEvents+ProcessRequestContext was successfully processed by OpenIddict.Server.AspNetCore.OpenIddictServerAspNetCoreHandlers+ResolveRequestUri.
[11:48:11 DBG] The event OpenIddict.Server.OpenIddictServerEvents+ProcessRequestContext was successfully processed by OpenIddict.Server.OpenIddictServerHandlers+InferEndpointType.
[11:48:11 DBG] The event OpenIddict.Server.OpenIddictServerEvents+ProcessRequestContext was successfully processed by OpenIddict.Server.AspNetCore.OpenIddictServerAspNetCoreHandlers+ValidateTransportSecurityRequirement.
[11:48:11 DBG] The event OpenIddict.Server.OpenIddictServerEvents+ProcessRequestContext was successfully processed by OpenIddict.Server.AspNetCore.OpenIddictServerAspNetCoreHandlers+ValidateHostHeader.
[11:48:11 DBG] The event OpenIddict.Validation.OpenIddictValidationEvents+ProcessAuthenticationContext was successfully processed by OpenIddict.Validation.AspNetCore.OpenIddictValidationAspNetCoreHandlers+ValidateHostHeader.
[11:48:11 DBG] The event OpenIddict.Validation.OpenIddictValidationEvents+ProcessAuthenticationContext was successfully processed by OpenIddict.Validation.OpenIddictValidationHandlers+EvaluateValidatedTokens.
[11:48:11 DBG] The event OpenIddict.Validation.OpenIddictValidationEvents+ProcessAuthenticationContext was successfully processed by OpenIddict.Validation.AspNetCore.OpenIddictValidationAspNetCoreHandlers+ExtractAccessTokenFromAuthorizationHeader.
[11:48:11 DBG] The event OpenIddict.Validation.OpenIddictValidationEvents+ProcessAuthenticationContext was successfully processed by OpenIddict.Validation.AspNetCore.OpenIddictValidationAspNetCoreHandlers+ExtractAccessTokenFromBodyForm.
[11:48:11 DBG] The event OpenIddict.Validation.OpenIddictValidationEvents+ProcessAuthenticationContext was successfully processed by OpenIddict.Validation.AspNetCore.OpenIddictValidationAspNetCoreHandlers+ExtractAccessTokenFromQueryString.
[11:48:11 DBG] The event OpenIddict.Validation.OpenIddictValidationEvents+ProcessAuthenticationContext was successfully processed by OpenIddict.Validation.OpenIddictValidationHandlers+ValidateRequiredTokens.
[11:48:11 DBG] The event OpenIddict.Validation.OpenIddictValidationEvents+ProcessAuthenticationContext was marked as rejected by OpenIddict.Validation.OpenIddictValidationHandlers+ValidateRequiredTokens.
[11:48:11 DBG] AuthenticationScheme: OpenIddict.Validation.AspNetCore was not authenticated.
[11:48:11 INF] Executing endpoint 'Volo.Abp.Swashbuckle.AbpSwashbuckleController.SetCsrfCookie (Volo.Abp.Swashbuckle)'
[11:48:11 INF] Route matched with {area = "Abp", action = "SetCsrfCookie", controller = "AbpSwashbuckle", page = ""}. Executing controller action with signature Void SetCsrfCookie() on controller Volo.Abp.Swashbuckle.AbpSwashbuckleController (Volo.Abp.Swashbuckle).
[11:48:11 INF] Executing action method Volo.Abp.Swashbuckle.AbpSwashbuckleController.SetCsrfCookie (Volo.Abp.Swashbuckle) - Validation state: Valid
[11:48:11 INF] Executed action method Volo.Abp.Swashbuckle.AbpSwashbuckleController.SetCsrfCookie (Volo.Abp.Swashbuckle), returned result Microsoft.AspNetCore.Mvc.EmptyResult in 0.932ms.
[11:48:11 INF] Executed action Volo.Abp.Swashbuckle.AbpSwashbuckleController.SetCsrfCookie (Volo.Abp.Swashbuckle) in 25.7702ms
[11:48:11 INF] Executed endpoint 'Volo.Abp.Swashbuckle.AbpSwashbuckleController.SetCsrfCookie (Volo.Abp.Swashbuckle)'
[11:48:11 INF] Request finished HTTP/2 GET https://localhost:44394/abp/Swashbuckle/SetCsrfCookie - 204 null null 31.9415ms
[11:48:11 INF] Request starting HTTP/2 POST https://localhost:44394/api/app/captcha/send-captcha - null 0
[11:48:11 INF] CORS policy execution failed.
[11:48:11 INF] Request origin https://localhost:44394 does not have permission to access the resource.
[11:48:11 DBG] The event OpenIddict.Validation.OpenIddictValidationEvents+ProcessRequestContext was successfully processed by OpenIddict.Validation.AspNetCore.OpenIddictValidationAspNetCoreHandlers+ResolveRequestUri.
[11:48:11 DBG] The event OpenIddict.Server.OpenIddictServerEvents+ProcessRequestContext was successfully processed by OpenIddict.Server.AspNetCore.OpenIddictServerAspNetCoreHandlers+ResolveRequestUri.
[11:48:11 DBG] The event OpenIddict.Server.OpenIddictServerEvents+ProcessRequestContext was successfully processed by OpenIddict.Server.OpenIddictServerHandlers+InferEndpointType.
[11:48:11 DBG] The event OpenIddict.Server.OpenIddictServerEvents+ProcessRequestContext was successfully processed by OpenIddict.Server.AspNetCore.OpenIddictServerAspNetCoreHandlers+ValidateTransportSecurityRequirement.
[11:48:11 DBG] The event OpenIddict.Server.OpenIddictServerEvents+ProcessRequestContext was successfully processed by OpenIddict.Server.AspNetCore.OpenIddictServerAspNetCoreHandlers+ValidateHostHeader.
[11:48:11 DBG] The event OpenIddict.Validation.OpenIddictValidationEvents+ProcessAuthenticationContext was successfully processed by OpenIddict.Validation.AspNetCore.OpenIddictValidationAspNetCoreHandlers+ValidateHostHeader.
[11:48:11 DBG] The event OpenIddict.Validation.OpenIddictValidationEvents+ProcessAuthenticationC