[12:21:04 INF] Starting Acme.BookStore.HttpApi.Host.
[12:21:07 INF] Loaded ABP modules:
[12:21:07 INF] - Acme.BookStore.BookStoreHttpApiHostModule
[12:21:07 INF]   - Acme.BookStore.BookStoreHttpApiModule
[12:21:07 INF]     - Acme.BookStore.BookStoreApplicationContractsModule
[12:21:07 INF]       - Acme.BookStore.BookStoreDomainSharedModule
[12:21:07 INF]         - Volo.Abp.AuditLogging.AbpAuditLoggingDomainSharedModule
[12:21:07 INF]           - Volo.Abp.Validation.AbpValidationModule
[12:21:07 INF]             - Volo.Abp.Validation.AbpValidationAbstractionsModule
[12:21:07 INF]             - Volo.Abp.Localization.AbpLocalizationModule
[12:21:07 INF]               - Volo.Abp.VirtualFileSystem.AbpVirtualFileSystemModule
[12:21:07 INF]               - Volo.Abp.Settings.AbpSettingsModule
[12:21:07 INF]                 - Volo.Abp.Localization.AbpLocalizationAbstractionsModule
[12:21:07 INF]                 - Volo.Abp.Security.AbpSecurityModule
[12:21:07 INF]                 - Volo.Abp.Data.AbpDataModule
[12:21:07 INF]                   - Volo.Abp.ObjectExtending.AbpObjectExtendingModule
[12:21:07 INF]                   - Volo.Abp.Uow.AbpUnitOfWorkModule
[12:21:07 INF]                   - Volo.Abp.EventBus.Abstractions.AbpEventBusAbstractionsModule
[12:21:07 INF]               - Volo.Abp.Threading.AbpThreadingModule
[12:21:07 INF]         - Volo.Abp.BackgroundJobs.AbpBackgroundJobsDomainSharedModule
[12:21:07 INF]         - Volo.Abp.FeatureManagement.AbpFeatureManagementDomainSharedModule
[12:21:07 INF]           - Volo.Abp.Json.SystemTextJson.AbpJsonSystemTextJsonModule
[12:21:07 INF]             - Volo.Abp.Json.AbpJsonAbstractionsModule
[12:21:07 INF]             - Volo.Abp.Timing.AbpTimingModule
[12:21:07 INF]         - Volo.Abp.Identity.AbpIdentityDomainSharedModule
[12:21:07 INF]           - Volo.Abp.Users.AbpUsersDomainSharedModule
[12:21:07 INF]           - Volo.Abp.Features.AbpFeaturesModule
[12:21:07 INF]             - Volo.Abp.MultiTenancy.AbpMultiTenancyModule
[12:21:07 INF]               - Volo.Abp.MultiTenancy.AbpMultiTenancyAbstractionsModule
[12:21:07 INF]             - Volo.Abp.Authorization.AbpAuthorizationAbstractionsModule
[12:21:07 INF]         - Volo.Abp.OpenIddict.AbpOpenIddictDomainSharedModule
[12:21:07 INF]         - Volo.Abp.PermissionManagement.AbpPermissionManagementDomainSharedModule
[12:21:07 INF]         - Volo.Abp.SettingManagement.AbpSettingManagementDomainSharedModule
[12:21:07 INF]         - Volo.Abp.TenantManagement.AbpTenantManagementDomainSharedModule
[12:21:07 INF]         - HRS.OrganChart.OrganChartDomainSharedModule
[12:21:07 INF]           - Volo.Abp.Domain.AbpDddDomainSharedModule
[12:21:07 INF]         - HRS.Employee.EmployeeDomainSharedModule
[12:21:07 INF]       - Volo.Abp.Account.AbpAccountApplicationContractsModule
[12:21:07 INF]         - Volo.Abp.Identity.AbpIdentityApplicationContractsModule
[12:21:07 INF]           - Volo.Abp.Users.AbpUsersAbstractionModule
[12:21:07 INF]             - Volo.Abp.EventBus.AbpEventBusModule
[12:21:07 INF]               - Volo.Abp.Json.AbpJsonModule
[12:21:07 INF]               - Volo.Abp.Guids.AbpGuidsModule
[12:21:07 INF]               - Volo.Abp.BackgroundWorkers.AbpBackgroundWorkersModule
[12:21:07 INF]               - Volo.Abp.DistributedLocking.AbpDistributedLockingAbstractionsModule
[12:21:07 INF]           - Volo.Abp.Authorization.AbpAuthorizationModule
[12:21:07 INF]           - Volo.Abp.PermissionManagement.AbpPermissionManagementApplicationContractsModule
[12:21:07 INF]             - Volo.Abp.Application.AbpDddApplicationContractsModule
[12:21:07 INF]               - Volo.Abp.Auditing.AbpAuditingContractsModule
[12:21:07 INF]       - Volo.Abp.FeatureManagement.AbpFeatureManagementApplicationContractsModule
[12:21:07 INF]       - Volo.Abp.SettingManagement.AbpSettingManagementApplicationContractsModule
[12:21:07 INF]       - Volo.Abp.TenantManagement.AbpTenantManagementApplicationContractsModule
[12:21:07 INF]       - HRS.OrganChart.OrganChartApplicationContractsModule
[12:21:07 INF]       - HRS.Employee.EmployeeApplicationContractsModule
[12:21:07 INF]     - Volo.Abp.Account.AbpAccountHttpApiModule
[12:21:07 INF]       - Volo.Abp.Identity.AbpIdentityHttpApiModule
[12:21:07 INF]         - Volo.Abp.AspNetCore.Mvc.AbpAspNetCoreMvcModule
[12:21:07 INF]           - Volo.Abp.AspNetCore.AbpAspNetCoreModule
[12:21:07 INF]             - Volo.Abp.Auditing.AbpAuditingModule
[12:21:07 INF]             - Volo.Abp.Http.AbpHttpModule
[12:21:07 INF]               - Volo.Abp.Http.AbpHttpAbstractionsModule
[12:21:07 INF]               - Volo.Abp.Minify.AbpMinifyModule
[12:21:07 INF]             - Volo.Abp.ExceptionHandling.AbpExceptionHandlingModule
[12:21:07 INF]           - Volo.Abp.ApiVersioning.AbpApiVersioningAbstractionsModule
[12:21:07 INF]           - Volo.Abp.AspNetCore.Mvc.AbpAspNetCoreMvcContractsModule
[12:21:07 INF]           - Volo.Abp.UI.Navigation.AbpUiNavigationModule
[12:21:07 INF]             - Volo.Abp.UI.AbpUiModule
[12:21:07 INF]           - Volo.Abp.GlobalFeatures.AbpGlobalFeaturesModule
[12:21:07 INF]           - Volo.Abp.Application.AbpDddApplicationModule
[12:21:07 INF]             - Volo.Abp.Domain.AbpDddDomainModule
[12:21:07 INF]               - Volo.Abp.ObjectMapping.AbpObjectMappingModule
[12:21:07 INF]               - Volo.Abp.Specifications.AbpSpecificationsModule
[12:21:07 INF]               - Volo.Abp.Caching.AbpCachingModule
[12:21:07 INF]                 - Volo.Abp.Serialization.AbpSerializationModule
[12:21:07 INF]     - Volo.Abp.PermissionManagement.HttpApi.AbpPermissionManagementHttpApiModule
[12:21:07 INF]     - Volo.Abp.TenantManagement.AbpTenantManagementHttpApiModule
[12:21:07 INF]       - Volo.Abp.FeatureManagement.AbpFeatureManagementHttpApiModule
[12:21:07 INF]     - Volo.Abp.SettingManagement.AbpSettingManagementHttpApiModule
[12:21:07 INF]     - HRS.OrganChart.OrganChartHttpApiModule
[12:21:07 INF]     - HRS.Employee.EmployeeHttpApiModule
[12:21:07 INF]   - Volo.Abp.Autofac.AbpAutofacModule
[12:21:07 INF]     - Volo.Abp.Castle.AbpCastleCoreModule
[12:21:07 INF]   - Volo.Abp.AspNetCore.MultiTenancy.AbpAspNetCoreMultiTenancyModule
[12:21:07 INF]   - Acme.BookStore.BookStoreApplicationModule
[12:21:07 INF]     - Acme.BookStore.BookStoreDomainModule
[12:21:07 INF]       - Volo.Abp.AuditLogging.AbpAuditLoggingDomainModule
[12:21:07 INF]       - Volo.Abp.BackgroundJobs.AbpBackgroundJobsDomainModule
[12:21:07 INF]         - Volo.Abp.BackgroundJobs.AbpBackgroundJobsModule
[12:21:07 INF]           - Volo.Abp.BackgroundJobs.AbpBackgroundJobsAbstractionsModule
[12:21:07 INF]         - Volo.Abp.AutoMapper.AbpAutoMapperModule
[12:21:07 INF]       - Volo.Abp.FeatureManagement.AbpFeatureManagementDomainModule
[12:21:07 INF]       - Volo.Abp.Identity.AbpIdentityDomainModule
[12:21:07 INF]         - Volo.Abp.Users.AbpUsersDomainModule
[12:21:07 INF]       - Volo.Abp.OpenIddict.AbpOpenIddictDomainModule
[12:21:07 INF]       - Volo.Abp.PermissionManagement.OpenIddict.AbpPermissionManagementDomainOpenIddictModule
[12:21:07 INF]         - Volo.Abp.PermissionManagement.AbpPermissionManagementDomainModule
[12:21:07 INF]       - Volo.Abp.PermissionManagement.Identity.AbpPermissionManagementDomainIdentityModule
[12:21:07 INF]       - Volo.Abp.SettingManagement.AbpSettingManagementDomainModule
[12:21:07 INF]       - Volo.Abp.TenantManagement.AbpTenantManagementDomainModule
[12:21:07 INF]       - Volo.Abp.Emailing.AbpEmailingModule
[12:21:07 INF]         - Volo.Abp.TextTemplating.AbpTextTemplatingModule
[12:21:07 INF]           - Volo.Abp.TextTemplating.Scriban.AbpTextTemplatingScribanModule
[12:21:07 INF]             - Volo.Abp.TextTemplating.AbpTextTemplatingCoreModule
[12:21:07 INF]       - HRS.OrganChart.OrganChartDomainModule
[12:21:07 INF]       - HRS.Employee.EmployeeDomainModule
[12:21:07 INF]     - Volo.Abp.Account.AbpAccountApplicationModule
[12:21:07 INF]       - Volo.Abp.Identity.AbpIdentityApplicationModule
[12:21:07 INF]         - Volo.Abp.PermissionManagement.AbpPermissionManagementApplicationModule
[12:21:07 INF]     - Volo.Abp.TenantManagement.AbpTenantManagementApplicationModule
[12:21:07 INF]     - Volo.Abp.FeatureManagement.AbpFeatureManagementApplicationModule
[12:21:07 INF]     - Volo.Abp.SettingManagement.AbpSettingManagementApplicationModule
[12:21:07 INF]     - HRS.OrganChart.OrganChartApplicationModule
[12:21:07 INF]     - HRS.Employee.EmployeeApplicationModule
[12:21:07 INF]   - Acme.BookStore.EntityFrameworkCore.BookStoreEntityFrameworkCoreModule
[12:21:07 INF]     - Volo.Abp.Identity.EntityFrameworkCore.AbpIdentityEntityFrameworkCoreModule
[12:21:07 INF]       - Volo.Abp.Users.EntityFrameworkCore.AbpUsersEntityFrameworkCoreModule
[12:21:07 INF]         - Volo.Abp.EntityFrameworkCore.AbpEntityFrameworkCoreModule
[12:21:07 INF]     - Volo.Abp.OpenIddict.EntityFrameworkCore.AbpOpenIddictEntityFrameworkCoreModule
[12:21:07 INF]     - Volo.Abp.PermissionManagement.EntityFrameworkCore.AbpPermissionManagementEntityFrameworkCoreModule
[12:21:07 INF]     - Volo.Abp.SettingManagement.EntityFrameworkCore.AbpSettingManagementEntityFrameworkCoreModule
[12:21:07 INF]     - Volo.Abp.EntityFrameworkCore.SqlServer.AbpEntityFrameworkCoreSqlServerModule
[12:21:07 INF]     - Volo.Abp.BackgroundJobs.EntityFrameworkCore.AbpBackgroundJobsEntityFrameworkCoreModule
[12:21:07 INF]     - Volo.Abp.AuditLogging.EntityFrameworkCore.AbpAuditLoggingEntityFrameworkCoreModule
[12:21:07 INF]     - Volo.Abp.TenantManagement.EntityFrameworkCore.AbpTenantManagementEntityFrameworkCoreModule
[12:21:07 INF]     - Volo.Abp.FeatureManagement.EntityFrameworkCore.AbpFeatureManagementEntityFrameworkCoreModule
[12:21:07 INF]     - HRS.OrganChart.EntityFrameworkCore.OrganChartEntityFrameworkCoreModule
[12:21:07 INF]     - HRS.Employee.EntityFrameworkCore.EmployeeEntityFrameworkCoreModule
[12:21:07 INF]   - Volo.Abp.AspNetCore.Mvc.UI.Theme.LeptonXLite.AbpAspNetCoreMvcUiLeptonXLiteThemeModule
[12:21:07 INF]     - Volo.Abp.AspNetCore.Mvc.UI.Theme.Shared.AbpAspNetCoreMvcUiThemeSharedModule
[12:21:07 INF]       - Volo.Abp.AspNetCore.Mvc.UI.Bootstrap.AbpAspNetCoreMvcUiBootstrapModule
[12:21:07 INF]         - Volo.Abp.AspNetCore.Mvc.UI.AbpAspNetCoreMvcUiModule
[12:21:07 INF]       - Volo.Abp.AspNetCore.Mvc.UI.Packages.AbpAspNetCoreMvcUiPackagesModule
[12:21:07 INF]         - Volo.Abp.AspNetCore.Mvc.UI.Bundling.AbpAspNetCoreMvcUiBundlingAbstractionsModule
[12:21:07 INF]       - Volo.Abp.AspNetCore.Mvc.UI.Widgets.AbpAspNetCoreMvcUiWidgetsModule
[12:21:07 INF]         - Volo.Abp.AspNetCore.Mvc.UI.Bundling.AbpAspNetCoreMvcUiBundlingModule
[12:21:07 INF]     - Volo.Abp.AspNetCore.Mvc.UI.MultiTenancy.AbpAspNetCoreMvcUiMultiTenancyModule
[12:21:07 INF]   - Volo.Abp.Account.Web.AbpAccountWebOpenIddictModule
[12:21:07 INF]     - Volo.Abp.Account.Web.AbpAccountWebModule
[12:21:07 INF]       - Volo.Abp.Identity.AspNetCore.AbpIdentityAspNetCoreModule
[12:21:07 INF]     - Volo.Abp.OpenIddict.AbpOpenIddictAspNetCoreModule
[12:21:07 INF]   - Volo.Abp.AspNetCore.Serilog.AbpAspNetCoreSerilogModule
[12:21:07 INF]   - Volo.Abp.Swashbuckle.AbpSwashbuckleModule
[12:21:07 DBG] Started background worker: Volo.Abp.BackgroundJobs.BackgroundJobWorker
[12:21:07 DBG] Started background worker: Volo.Abp.OpenIddict.Tokens.TokenCleanupBackgroundWorker
[12:21:08 INF] User profile is available. Using 'C:\Users\heydari-mh\AppData\Local\ASP.NET\DataProtection-Keys' as key repository and Windows DPAPI to encrypt keys at rest.
[12:21:08 INF] Initialized all ABP modules.
[12:21:08 INF] Application started. Press Ctrl+C to shut down.
[12:21:08 INF] Hosting environment: Development
[12:21:08 INF] Content root path: E:\Project\Test ABP\TEST\Acme.BookStore\aspnet-core\src\Acme.BookStore.HttpApi.Host
[12:21:08 INF] Request starting HTTP/2 GET https://localhost:44394/ - null null
[12:21:09 DBG] The event OpenIddict.Validation.OpenIddictValidationEvents+ProcessRequestContext was successfully processed by OpenIddict.Validation.AspNetCore.OpenIddictValidationAspNetCoreHandlers+ResolveRequestUri.
[12:21:09 DBG] The event OpenIddict.Server.OpenIddictServerEvents+ProcessRequestContext was successfully processed by OpenIddict.Server.AspNetCore.OpenIddictServerAspNetCoreHandlers+ResolveRequestUri.
[12:21:09 DBG] The event OpenIddict.Server.OpenIddictServerEvents+ProcessRequestContext was successfully processed by OpenIddict.Server.OpenIddictServerHandlers+InferEndpointType.
[12:21:09 DBG] The event OpenIddict.Server.OpenIddictServerEvents+ProcessRequestContext was successfully processed by OpenIddict.Server.AspNetCore.OpenIddictServerAspNetCoreHandlers+ValidateTransportSecurityRequirement.
[12:21:09 DBG] The event OpenIddict.Server.OpenIddictServerEvents+ProcessRequestContext was successfully processed by OpenIddict.Server.AspNetCore.OpenIddictServerAspNetCoreHandlers+ValidateHostHeader.
[12:21:09 DBG] The event OpenIddict.Validation.OpenIddictValidationEvents+ProcessAuthenticationContext was successfully processed by OpenIddict.Validation.AspNetCore.OpenIddictValidationAspNetCoreHandlers+ValidateHostHeader.
[12:21:09 DBG] The event OpenIddict.Validation.OpenIddictValidationEvents+ProcessAuthenticationContext was successfully processed by OpenIddict.Validation.OpenIddictValidationHandlers+EvaluateValidatedTokens.
[12:21:09 DBG] The event OpenIddict.Validation.OpenIddictValidationEvents+ProcessAuthenticationContext was successfully processed by OpenIddict.Validation.AspNetCore.OpenIddictValidationAspNetCoreHandlers+ExtractAccessTokenFromAuthorizationHeader.
[12:21:09 DBG] The event OpenIddict.Validation.OpenIddictValidationEvents+ProcessAuthenticationContext was successfully processed by OpenIddict.Validation.AspNetCore.OpenIddictValidationAspNetCoreHandlers+ExtractAccessTokenFromBodyForm.
[12:21:09 DBG] The event OpenIddict.Validation.OpenIddictValidationEvents+ProcessAuthenticationContext was successfully processed by OpenIddict.Validation.AspNetCore.OpenIddictValidationAspNetCoreHandlers+ExtractAccessTokenFromQueryString.
[12:21:09 DBG] The event OpenIddict.Validation.OpenIddictValidationEvents+ProcessAuthenticationContext was successfully processed by OpenIddict.Validation.OpenIddictValidationHandlers+ValidateRequiredTokens.
[12:21:09 DBG] The event OpenIddict.Validation.OpenIddictValidationEvents+ProcessAuthenticationContext was marked as rejected by OpenIddict.Validation.OpenIddictValidationHandlers+ValidateRequiredTokens.
[12:21:09 DBG] AuthenticationScheme: OpenIddict.Validation.AspNetCore was not authenticated.
[12:21:09 INF] Executing endpoint 'Acme.BookStore.Controllers.HomeController.Index (Acme.BookStore.HttpApi.Host)'
[12:21:09 INF] Route matched with {action = "Index", controller = "Home", area = "", page = ""}. Executing controller action with signature Microsoft.AspNetCore.Mvc.ActionResult Index() on controller Acme.BookStore.Controllers.HomeController (Acme.BookStore.HttpApi.Host).
[12:21:09 INF] Executing action method Acme.BookStore.Controllers.HomeController.Index (Acme.BookStore.HttpApi.Host) - Validation state: Valid
[12:21:09 INF] Executed action method Acme.BookStore.Controllers.HomeController.Index (Acme.BookStore.HttpApi.Host), returned result Microsoft.AspNetCore.Mvc.RedirectResult in 0.5439ms.
[12:21:09 INF] Executing RedirectResult, redirecting to /swagger.
[12:21:09 INF] Executed action Acme.BookStore.Controllers.HomeController.Index (Acme.BookStore.HttpApi.Host) in 97.1939ms
[12:21:09 INF] Executed endpoint 'Acme.BookStore.Controllers.HomeController.Index (Acme.BookStore.HttpApi.Host)'
[12:21:09 INF] Request starting HTTP/2 GET https://localhost:44394/swagger/index.html - null null
[12:21:09 INF] Request finished HTTP/2 GET https://localhost:44394/ - 302 null null 1450.2941ms
[12:21:09 DBG] The event OpenIddict.Validation.OpenIddictValidationEvents+ProcessRequestContext was successfully processed by OpenIddict.Validation.AspNetCore.OpenIddictValidationAspNetCoreHandlers+ResolveRequestUri.
[12:21:09 DBG] The event OpenIddict.Server.OpenIddictServerEvents+ProcessRequestContext was successfully processed by OpenIddict.Server.AspNetCore.OpenIddictServerAspNetCoreHandlers+ResolveRequestUri.
[12:21:09 DBG] The event OpenIddict.Server.OpenIddictServerEvents+ProcessRequestContext was successfully processed by OpenIddict.Server.OpenIddictServerHandlers+InferEndpointType.
[12:21:09 DBG] The event OpenIddict.Server.OpenIddictServerEvents+ProcessRequestContext was successfully processed by OpenIddict.Server.AspNetCore.OpenIddictServerAspNetCoreHandlers+ValidateTransportSecurityRequirement.
[12:21:09 DBG] The event OpenIddict.Server.OpenIddictServerEvents+ProcessRequestContext was successfully processed by OpenIddict.Server.AspNetCore.OpenIddictServerAspNetCoreHandlers+ValidateHostHeader.
[12:21:09 DBG] The event OpenIddict.Validation.OpenIddictValidationEvents+ProcessAuthenticationContext was successfully processed by OpenIddict.Validation.AspNetCore.OpenIddictValidationAspNetCoreHandlers+ValidateHostHeader.
[12:21:09 DBG] The event OpenIddict.Validation.OpenIddictValidationEvents+ProcessAuthenticationContext was successfully processed by OpenIddict.Validation.OpenIddictValidationHandlers+EvaluateValidatedTokens.
[12:21:09 DBG] The event OpenIddict.Validation.OpenIddictValidationEvents+ProcessAuthenticationContext was successfully processed by OpenIddict.Validation.AspNetCore.OpenIddictValidationAspNetCoreHandlers+ExtractAccessTokenFromAuthorizationHeader.
[12:21:09 DBG] The event OpenIddict.Validation.OpenIddictValidationEvents+ProcessAuthenticationContext was successfully processed by OpenIddict.Validation.AspNetCore.OpenIddictValidationAspNetCoreHandlers+ExtractAccessTokenFromBodyForm.
[12:21:09 DBG] The event OpenIddict.Validation.OpenIddictValidationEvents+ProcessAuthenticationContext was successfully processed by OpenIddict.Validation.AspNetCore.OpenIddictValidationAspNetCoreHandlers+ExtractAccessTokenFromQueryString.
[12:21:09 DBG] The event OpenIddict.Validation.OpenIddictValidationEvents+ProcessAuthenticationContext was successfully processed by OpenIddict.Validation.OpenIddictValidationHandlers+ValidateRequiredTokens.
[12:21:09 DBG] The event OpenIddict.Validation.OpenIddictValidationEvents+ProcessAuthenticationContext was marked as rejected by OpenIddict.Validation.OpenIddictValidationHandlers+ValidateRequiredTokens.
[12:21:09 DBG] AuthenticationScheme: OpenIddict.Validation.AspNetCore was not authenticated.
[12:21:10 INF] Request finished HTTP/2 GET https://localhost:44394/swagger/index.html - 200 null text/html;charset=utf-8 61.8916ms
[12:21:10 INF] Request starting HTTP/2 GET https://localhost:44394/_framework/aspnetcore-browser-refresh.js - null null
[12:21:10 INF] Request finished HTTP/2 GET https://localhost:44394/_framework/aspnetcore-browser-refresh.js - 200 13790 application/javascript; charset=utf-8 2.5942ms
[12:21:10 INF] Request starting HTTP/2 GET https://localhost:44394/_vs/browserLink - null null
[12:21:10 INF] Request finished HTTP/2 GET https://localhost:44394/_vs/browserLink - 200 null text/javascript; charset=UTF-8 26.9075ms
[12:21:10 INF] Request starting HTTP/2 GET https://localhost:44394/api/abp/application-configuration - null null
[12:21:10 DBG] The event OpenIddict.Validation.OpenIddictValidationEvents+ProcessRequestContext was successfully processed by OpenIddict.Validation.AspNetCore.OpenIddictValidationAspNetCoreHandlers+ResolveRequestUri.
[12:21:10 DBG] The event OpenIddict.Server.OpenIddictServerEvents+ProcessRequestContext was successfully processed by OpenIddict.Server.AspNetCore.OpenIddictServerAspNetCoreHandlers+ResolveRequestUri.
[12:21:10 DBG] The event OpenIddict.Server.OpenIddictServerEvents+ProcessRequestContext was successfully processed by OpenIddict.Server.OpenIddictServerHandlers+InferEndpointType.
[12:21:10 DBG] The event OpenIddict.Server.OpenIddictServerEvents+ProcessRequestContext was successfully processed by OpenIddict.Server.AspNetCore.OpenIddictServerAspNetCoreHandlers+ValidateTransportSecurityRequirement.
[12:21:10 DBG] The event OpenIddict.Server.OpenIddictServerEvents+ProcessRequestContext was successfully processed by OpenIddict.Server.AspNetCore.OpenIddictServerAspNetCoreHandlers+ValidateHostHeader.
[12:21:10 DBG] The event OpenIddict.Validation.OpenIddictValidationEvents+ProcessAuthenticationContext was successfully processed by OpenIddict.Validation.AspNetCore.OpenIddictValidationAspNetCoreHandlers+ValidateHostHeader.
[12:21:10 DBG] The event OpenIddict.Validation.OpenIddictValidationEvents+ProcessAuthenticationContext was successfully processed by OpenIddict.Validation.OpenIddictValidationHandlers+EvaluateValidatedTokens.
[12:21:10 DBG] The event OpenIddict.Validation.OpenIddictValidationEvents+ProcessAuthenticationContext was successfully processed by OpenIddict.Validation.AspNetCore.OpenIddictValidationAspNetCoreHandlers+ExtractAccessTokenFromAuthorizationHeader.
[12:21:10 DBG] The event OpenIddict.Validation.OpenIddictValidationEvents+ProcessAuthenticationContext was successfully processed by OpenIddict.Validation.AspNetCore.OpenIddictValidationAspNetCoreHandlers+ExtractAccessTokenFromBodyForm.
[12:21:10 DBG] The event OpenIddict.Validation.OpenIddictValidationEvents+ProcessAuthenticationContext was successfully processed by OpenIddict.Validation.AspNetCore.OpenIddictValidationAspNetCoreHandlers+ExtractAccessTokenFromQueryString.
[12:21:10 DBG] The event OpenIddict.Validation.OpenIddictValidationEvents+ProcessAuthenticationContext was successfully processed by OpenIddict.Validation.OpenIddictValidationHandlers+ValidateRequiredTokens.
[12:21:10 DBG] The event OpenIddict.Validation.OpenIddictValidationEvents+ProcessAuthenticationContext was marked as rejected by OpenIddict.Validation.OpenIddictValidationHandlers+ValidateRequiredTokens.
[12:21:10 DBG] AuthenticationScheme: OpenIddict.Validation.AspNetCore was not authenticated.
[12:21:10 INF] Executing endpoint 'Volo.Abp.AspNetCore.Mvc.ApplicationConfigurations.AbpApplicationConfigurationController.GetAsync (Volo.Abp.AspNetCore.Mvc)'
[12:21:10 INF] Route matched with {area = "abp", action = "Get", controller = "AbpApplicationConfiguration", page = ""}. Executing controller action with signature System.Threading.Tasks.Task`1[Volo.Abp.AspNetCore.Mvc.ApplicationConfigurations.ApplicationConfigurationDto] GetAsync(Volo.Abp.AspNetCore.Mvc.ApplicationConfigurations.ApplicationConfigurationRequestOptions) on controller Volo.Abp.AspNetCore.Mvc.ApplicationConfigurations.AbpApplicationConfigurationController (Volo.Abp.AspNetCore.Mvc).
[12:21:10 INF] Request starting HTTP/2 GET https://localhost:44394/swagger/v1/swagger.json - null null
[12:21:10 DBG] The event OpenIddict.Validation.OpenIddictValidationEvents+ProcessRequestContext was successfully processed by OpenIddict.Validation.AspNetCore.OpenIddictValidationAspNetCoreHandlers+ResolveRequestUri.
[12:21:10 DBG] The event OpenIddict.Server.OpenIddictServerEvents+ProcessRequestContext was successfully processed by OpenIddict.Server.AspNetCore.OpenIddictServerAspNetCoreHandlers+ResolveRequestUri.
[12:21:10 DBG] The event OpenIddict.Server.OpenIddictServerEvents+ProcessRequestContext was successfully processed by OpenIddict.Server.OpenIddictServerHandlers+InferEndpointType.
[12:21:10 DBG] The event OpenIddict.Server.OpenIddictServerEvents+ProcessRequestContext was successfully processed by OpenIddict.Server.AspNetCore.OpenIddictServerAspNetCoreHandlers+ValidateTransportSecurityRequirement.
[12:21:10 DBG] The event OpenIddict.Server.OpenIddictServerEvents+ProcessRequestContext was successfully processed by OpenIddict.Server.AspNetCore.OpenIddictServerAspNetCoreHandlers+ValidateHostHeader.
[12:21:10 DBG] The event OpenIddict.Validation.OpenIddictValidationEvents+ProcessAuthenticationContext was successfully processed by OpenIddict.Validation.AspNetCore.OpenIddictValidationAspNetCoreHandlers+ValidateHostHeader.
[12:21:10 DBG] The event OpenIddict.Validation.OpenIddictValidationEvents+ProcessAuthenticationContext was successfully processed by OpenIddict.Validation.OpenIddictValidationHandlers+EvaluateValidatedTokens.
[12:21:10 DBG] The event OpenIddict.Validation.OpenIddictValidationEvents+ProcessAuthenticationContext was successfully processed by OpenIddict.Validation.AspNetCore.OpenIddictValidationAspNetCoreHandlers+ExtractAccessTokenFromAuthorizationHeader.
[12:21:10 DBG] The event OpenIddict.Validation.OpenIddictValidationEvents+ProcessAuthenticationContext was successfully processed by OpenIddict.Validation.AspNetCore.OpenIddictValidationAspNetCoreHandlers+ExtractAccessTokenFromBodyForm.
[12:21:10 DBG] The ev